<?xml version="1.0" encoding="UTF-8"?>
<!-- Generated by org.testng.reporters.JUnitReportReporter -->
<testsuite skipped="0" hostname="LAPTOP-JS1ND5UI" name="base.PrintAllChangeRequest" tests="1" failures="0" timestamp="2019-12-28T12:25:26 IST" time="5.669" errors="0">
  <testcase name="getAllChangeRequest" time="5.669" classname="base.PrintAllChangeRequest"/>
  <system-out/>
</testsuite> <!-- base.PrintAllChangeRequest -->
