<?xml version="1.0" encoding="UTF-8"?>
<!-- Generated by org.testng.reporters.JUnitReportReporter -->
<testsuite skipped="0" hostname="LAPTOP-JS1ND5UI" name="task.DeleteJiraIssue" tests="1" failures="0" timestamp="2019-12-28T20:06:49 IST" time="2.977" errors="0">
  <testcase name="deleteRespectiveJiraIssue" time="2.977" classname="task.DeleteJiraIssue"/>
  <system-out/>
</testsuite> <!-- task.DeleteJiraIssue -->
