<?xml version="1.0" encoding="UTF-8"?>
<!-- Generated by org.testng.reporters.JUnitReportReporter -->
<testsuite skipped="0" hostname="LAPTOP-JS1ND5UI" name="base.GetAllRequest" tests="1" failures="0" timestamp="2019-12-28T10:33:05 IST" time="5.430" errors="0">
  <testcase name="getAllChangeRequest" time="5.430" classname="base.GetAllRequest"/>
  <system-out/>
</testsuite> <!-- base.GetAllRequest -->
