<?xml version="1.0" encoding="UTF-8"?>
<!-- Generated by org.testng.reporters.JUnitReportReporter -->
<testsuite skipped="0" hostname="LAPTOP-JS1ND5UI" name="task.CreateJiraIssueUsingDataProvider" tests="4" failures="0" timestamp="2019-12-29T10:12:12 IST" time="5.157" errors="0">
  <testcase name="createJIRAIssue" time="1.850" classname="task.CreateJiraIssueUsingDataProvider"/>
  <system-out/>
  <testcase name="createJIRAIssue" time="1.850" classname="task.CreateJiraIssueUsingDataProvider"/>
  <system-out/>
  <testcase name="createJIRAIssue" time="0.578" classname="task.CreateJiraIssueUsingDataProvider"/>
  <system-out/>
  <testcase name="createJIRAIssue" time="0.879" classname="task.CreateJiraIssueUsingDataProvider"/>
  <system-out/>
</testsuite> <!-- task.CreateJiraIssueUsingDataProvider -->
