<?xml version="1.0" encoding="UTF-8"?>
<!-- Generated by org.testng.reporters.JUnitReportReporter -->
<testsuite skipped="0" hostname="LAPTOP-JS1ND5UI" name="task.CreateJiraIssue" tests="1" failures="0" timestamp="2019-12-29T09:04:53 IST" time="1.964" errors="0">
  <testcase name="createJIRAIssue" time="1.964" classname="task.CreateJiraIssue"/>
  <system-out/>
</testsuite> <!-- task.CreateJiraIssue -->
