<?xml version="1.0" encoding="UTF-8"?>
<!-- Generated by org.testng.reporters.JUnitReportReporter -->
<testsuite skipped="0" hostname="LAPTOP-JS1ND5UI" name="base.GetAllRequestUsingOAuthAuthentication" tests="1" failures="0" timestamp="2019-12-29T11:14:51 IST" time="4.839" errors="0">
  <testcase name="getAllChangeRequest" time="4.839" classname="base.GetAllRequestUsingOAuthAuthentication"/>
  <system-out/>
</testsuite> <!-- base.GetAllRequestUsingOAuthAuthentication -->
