<?xml version="1.0" encoding="UTF-8"?>
<!-- Generated by org.testng.reporters.JUnitReportReporter -->
<testsuite skipped="0" hostname="LAPTOP-JS1ND5UI" name="framework.DeleteRequest" tests="1" failures="0" timestamp="2019-12-29T12:18:53 IST" time="2.749" errors="0">
  <testcase name="deleteRequest" time="2.749" classname="framework.DeleteRequest"/>
  <system-out/>
</testsuite> <!-- framework.DeleteRequest -->
