<?xml version="1.0" encoding="UTF-8"?>
<!-- Generated by org.testng.reporters.JUnitReportReporter -->
<testsuite skipped="0" hostname="LAPTOP-JS1ND5UI" name="base.PrintAllChangeRequestBasedOnFilter" tests="1" failures="0" timestamp="2019-12-28T20:29:08 IST" time="7.138" errors="0">
  <testcase name="getAllChangeRequest" time="7.138" classname="base.PrintAllChangeRequestBasedOnFilter"/>
  <system-out/>
</testsuite> <!-- base.PrintAllChangeRequestBasedOnFilter -->
