<?xml version="1.0" encoding="UTF-8"?>
<!-- Generated by org.testng.reporters.JUnitReportReporter -->
<testsuite skipped="0" hostname="LAPTOP-JS1ND5UI" name="base.GetAllChangeRequestNoSysId" tests="1" failures="0" timestamp="2019-12-28T12:03:27 IST" time="5.538" errors="0">
  <testcase name="getAllChangeRequest" time="5.538" classname="base.GetAllChangeRequestNoSysId"/>
  <system-out/>
</testsuite> <!-- base.GetAllChangeRequestNoSysId -->
