<?xml version="1.0" encoding="UTF-8"?>
<!-- Generated by org.testng.reporters.JUnitReportReporter -->
<testsuite skipped="0" hostname="LAPTOP-JS1ND5UI" name="framework.CreateChangeRequest" tests="1" failures="0" timestamp="2019-12-29T12:18:53 IST" time="3.770" errors="0">
  <testcase name="createRequest" time="3.770" classname="framework.CreateChangeRequest"/>
  <system-out/>
</testsuite> <!-- framework.CreateChangeRequest -->
