<?xml version="1.0" encoding="UTF-8"?>
<!-- Generated by org.testng.reporters.JUnitReportReporter -->
<testsuite skipped="0" hostname="LAPTOP-JS1ND5UI" name="base.PostRequestUsingDataProvider" tests="6" failures="0" timestamp="2019-12-29T10:40:58 IST" time="21.689" errors="0">
  <testcase name="postANewChangeRequestWithFile" time="3.018" classname="base.PostRequestUsingDataProvider"/>
  <system-out/>
  <testcase name="postANewChangeRequestWithFile" time="3.030" classname="base.PostRequestUsingDataProvider"/>
  <system-out/>
  <testcase name="postANewChangeRequestWithFile" time="4.204" classname="base.PostRequestUsingDataProvider"/>
  <system-out/>
  <testcase name="postANewChangeRequestWithFile" time="4.203" classname="base.PostRequestUsingDataProvider"/>
  <system-out/>
  <testcase name="postANewChangeRequestWithFile" time="3.030" classname="base.PostRequestUsingDataProvider"/>
  <system-out/>
  <testcase name="postANewChangeRequestWithFile" time="4.204" classname="base.PostRequestUsingDataProvider"/>
  <system-out/>
</testsuite> <!-- base.PostRequestUsingDataProvider -->
