<?xml version="1.0" encoding="UTF-8"?>
<!-- Generated by org.testng.reporters.JUnitReportReporter -->
<testsuite skipped="0" hostname="LAPTOP-JS1ND5UI" name="base.PostRequestUsingFile" tests="9" failures="0" timestamp="2019-12-29T10:19:56 IST" time="30.553" errors="0">
  <testcase name="postANewChangeRequestWithFile" time="2.925" classname="base.PostRequestUsingFile"/>
  <system-out/>
  <testcase name="postANewChangeRequestWithFile" time="2.919" classname="base.PostRequestUsingFile"/>
  <system-out/>
  <testcase name="postANewChangeRequestWithFile" time="4.324" classname="base.PostRequestUsingFile"/>
  <system-out/>
  <testcase name="postANewChangeRequestWithFile" time="2.925" classname="base.PostRequestUsingFile"/>
  <system-out/>
  <testcase name="postANewChangeRequestWithFile" time="2.936" classname="base.PostRequestUsingFile"/>
  <system-out/>
  <testcase name="postANewChangeRequestWithFile" time="2.923" classname="base.PostRequestUsingFile"/>
  <system-out/>
  <testcase name="postANewChangeRequestWithFile" time="2.954" classname="base.PostRequestUsingFile"/>
  <system-out/>
  <testcase name="postANewChangeRequestWithFile" time="4.324" classname="base.PostRequestUsingFile"/>
  <system-out/>
  <testcase name="postANewChangeRequestWithFile" time="4.323" classname="base.PostRequestUsingFile"/>
  <system-out/>
</testsuite> <!-- base.PostRequestUsingFile -->
