<?xml version="1.0" encoding="UTF-8"?>
<!-- Generated by org.testng.reporters.JUnitReportReporter -->
<testsuite skipped="0" hostname="LAPTOP-JS1ND5UI" name="task.GetAllJiraIssues" tests="1" failures="0" timestamp="2019-12-29T09:05:50 IST" time="2.203" errors="0">
  <testcase name="getJiraIssues" time="2.203" classname="task.GetAllJiraIssues"/>
  <system-out/>
</testsuite> <!-- task.GetAllJiraIssues -->
